{
  "RSpec": {
    "coverage": {
      "/home/saasbook/saas1/hw4/rottenpotatoes/app/controllers/application_controller.rb": [
        1,
        1,
        null
      ],
      "/home/saasbook/saas1/hw4/rottenpotatoes/app/helpers/application_helper.rb": [
        1,
        null
      ],
      "/home/saasbook/saas1/hw4/rottenpotatoes/app/helpers/movies_helper.rb": [
        1,
        null,
        1,
        200,
        null,
        null
      ],
      "/home/saasbook/saas1/hw4/rottenpotatoes/app/controllers/movies_controller.rb": [
        1,
        null,
        1,
        2,
        2,
        null,
        null,
        null,
        1,
        8,
        8,
        null,
        2,
        null,
        1,
        null,
        8,
        8,
        null,
        8,
        18,
        null,
        null,
        8,
        1,
        1,
        1,
        null,
        null,
        7,
        2,
        2,
        2,
        2,
        null,
        5,
        null,
        null,
        1,
        null,
        null,
        null,
        1,
        3,
        3,
        3,
        null,
        null,
        1,
        2,
        null,
        null,
        1,
        4,
        4,
        4,
        4,
        null,
        null,
        1,
        3,
        3,
        3,
        3,
        null,
        null,
        1,
        5,
        null,
        5,
        1,
        1,
        null,
        4,
        null,
        null,
        null
      ],
      "/home/saasbook/saas1/hw4/rottenpotatoes/app/models/movie.rb": [
        1,
        null,
        1,
        null,
        1,
        9,
        null,
        null,
        1,
        6,
        null,
        null,
        1,
        5,
        null,
        null,
        null
      ]
    },
    "timestamp": 1402500635
  },
  "Cucumber Features": {
    "coverage": {
      "/home/saasbook/saas1/hw4/rottenpotatoes/app/controllers/application_controller.rb": [
        1,
        1,
        null
      ],
      "/home/saasbook/saas1/hw4/rottenpotatoes/app/helpers/application_helper.rb": [
        1,
        null
      ],
      "/home/saasbook/saas1/hw4/rottenpotatoes/app/helpers/movies_helper.rb": [
        1,
        null,
        1,
        0,
        null,
        null
      ],
      "/home/saasbook/saas1/hw4/rottenpotatoes/app/controllers/movies_controller.rb": [
        1,
        null,
        1,
        5,
        5,
        null,
        null,
        null,
        1,
        0,
        0,
        null,
        0,
        null,
        0,
        null,
        0,
        0,
        null,
        0,
        0,
        null,
        null,
        0,
        0,
        0,
        0,
        null,
        null,
        0,
        0,
        0,
        0,
        0,
        null,
        0,
        null,
        null,
        1,
        null,
        null,
        null,
        1,
        0,
        0,
        0,
        null,
        null,
        1,
        1,
        null,
        null,
        1,
        1,
        1,
        1,
        1,
        null,
        null,
        1,
        0,
        0,
        0,
        0,
        null,
        null,
        1,
        2,
        2,
        null,
        null,
        null
      ],
      "/home/saasbook/saas1/hw4/rottenpotatoes/app/models/movie.rb": [
        1,
        null,
        1,
        null,
        1,
        0,
        null,
        null,
        1,
        0,
        null,
        null,
        null
      ]
    },
    "timestamp": 1402493890
  }
}
